{"/home/leonardo/Desktop/driven/Arquitetura/projeto24-drivent/back-end/src/index.ts": {"path":"/home/leonardo/Desktop/driven/Arquitetura/projeto24-drivent/back-end/src/index.ts","statementMap":{"0":{"start":{"line":1,"column":0},"end":{"line":1,"column":39}},"1":{"start":{"line":2,"column":0},"end":{"line":2,"column":23}},"2":{"start":{"line":3,"column":0},"end":{"line":3,"column":27}},"3":{"start":{"line":4,"column":0},"end":{"line":4,"column":29}},"4":{"start":{"line":5,"column":0},"end":{"line":5,"column":53}},"5":{"start":{"line":6,"column":0},"end":{"line":6,"column":37}},"6":{"start":{"line":7,"column":0},"end":{"line":7,"column":null}},"7":{"start":{"line":9,"column":12},"end":{"line":9,"column":21}},"8":{"start":{"line":10,"column":0},"end":{"line":10,"column":null}},"9":{"start":{"line":11,"column":0},"end":{"line":11,"column":null}},"10":{"start":{"line":12,"column":0},"end":{"line":12,"column":null}},"11":{"start":{"line":13,"column":0},"end":{"line":13,"column":null}},"12":{"start":{"line":15,"column":0},"end":{"line":15,"column":null}}},"fnMap":{},"branchMap":{},"s":{"0":1,"1":1,"2":1,"3":1,"4":1,"5":1,"6":1,"7":1,"8":1,"9":1,"10":1,"11":1,"12":1},"f":{},"b":{}}
,"/home/leonardo/Desktop/driven/Arquitetura/projeto24-drivent/back-end/src/config/postgres.ts": {"path":"/home/leonardo/Desktop/driven/Arquitetura/projeto24-drivent/back-end/src/config/postgres.ts","statementMap":{"0":{"start":{"line":1,"column":0},"end":{"line":1,"column":32}},"1":{"start":{"line":2,"column":25},"end":{"line":2,"column":28}},"2":{"start":{"line":4,"column":15},"end":{"line":4,"column":33}},"3":{"start":{"line":6,"column":0},"end":{"line":6,"column":null}}},"fnMap":{},"branchMap":{},"s":{"0":1,"1":1,"2":1,"3":1},"f":{},"b":{}}
,"/home/leonardo/Desktop/driven/Arquitetura/projeto24-drivent/back-end/src/controllers/authController.ts": {"path":"/home/leonardo/Desktop/driven/Arquitetura/projeto24-drivent/back-end/src/controllers/authController.ts","statementMap":{"0":{"start":{"line":2,"column":0},"end":{"line":2,"column":54}},"1":{"start":{"line":5,"column":2},"end":{"line":5,"column":null}},"2":{"start":{"line":6,"column":2},"end":{"line":6,"column":null}},"3":{"start":{"line":4,"column":0},"end":{"line":4,"column":22}},"4":{"start":{"line":10,"column":16},"end":{"line":10,"column":53}},"5":{"start":{"line":11,"column":2},"end":{"line":11,"column":null}},"6":{"start":{"line":9,"column":0},"end":{"line":9,"column":22}}},"fnMap":{"0":{"name":"signupUser","decl":{"start":{"line":4,"column":22},"end":{"line":4,"column":32}},"loc":{"start":{"line":4,"column":61},"end":{"line":7,"column":null}}},"1":{"name":"signinUser","decl":{"start":{"line":9,"column":22},"end":{"line":9,"column":32}},"loc":{"start":{"line":9,"column":61},"end":{"line":12,"column":null}}}},"branchMap":{},"s":{"0":1,"1":5,"2":4,"3":1,"4":3,"5":1,"6":1},"f":{"0":5,"1":3},"b":{}}
,"/home/leonardo/Desktop/driven/Arquitetura/projeto24-drivent/back-end/src/controllers/payment-controller.ts": {"path":"/home/leonardo/Desktop/driven/Arquitetura/projeto24-drivent/back-end/src/controllers/payment-controller.ts","statementMap":{"0":{"start":{"line":2,"column":0},"end":{"line":2,"column":61}},"1":{"start":{"line":5,"column":21},"end":{"line":5,"column":57}},"2":{"start":{"line":6,"column":2},"end":{"line":6,"column":null}},"3":{"start":{"line":4,"column":0},"end":{"line":4,"column":22}},"4":{"start":{"line":10,"column":21},"end":{"line":10,"column":55}},"5":{"start":{"line":11,"column":2},"end":{"line":11,"column":null}},"6":{"start":{"line":9,"column":0},"end":{"line":9,"column":22}},"7":{"start":{"line":15,"column":25},"end":{"line":15,"column":42}},"8":{"start":{"line":16,"column":22},"end":{"line":16,"column":30}},"9":{"start":{"line":17,"column":21},"end":{"line":17,"column":76}},"10":{"start":{"line":18,"column":2},"end":{"line":18,"column":null}},"11":{"start":{"line":14,"column":0},"end":{"line":14,"column":22}}},"fnMap":{"0":{"name":"getModalities","decl":{"start":{"line":4,"column":22},"end":{"line":4,"column":35}},"loc":{"start":{"line":4,"column":64},"end":{"line":7,"column":null}}},"1":{"name":"getHostings","decl":{"start":{"line":9,"column":22},"end":{"line":9,"column":33}},"loc":{"start":{"line":9,"column":62},"end":{"line":12,"column":null}}},"2":{"name":"createPayment","decl":{"start":{"line":14,"column":22},"end":{"line":14,"column":35}},"loc":{"start":{"line":14,"column":64},"end":{"line":19,"column":null}}}},"branchMap":{},"s":{"0":1,"1":0,"2":0,"3":1,"4":0,"5":0,"6":1,"7":0,"8":0,"9":0,"10":0,"11":1},"f":{"0":0,"1":0,"2":0},"b":{}}
,"/home/leonardo/Desktop/driven/Arquitetura/projeto24-drivent/back-end/src/controllers/subscription-controller.ts": {"path":"/home/leonardo/Desktop/driven/Arquitetura/projeto24-drivent/back-end/src/controllers/subscription-controller.ts","statementMap":{"0":{"start":{"line":2,"column":0},"end":{"line":2,"column":71}},"1":{"start":{"line":5,"column":19},"end":{"line":5,"column":27}},"2":{"start":{"line":6,"column":17},"end":{"line":6,"column":34}},"3":{"start":{"line":7,"column":2},"end":{"line":7,"column":null}},"4":{"start":{"line":8,"column":2},"end":{"line":8,"column":null}},"5":{"start":{"line":4,"column":0},"end":{"line":4,"column":22}},"6":{"start":{"line":12,"column":17},"end":{"line":12,"column":34}},"7":{"start":{"line":13,"column":19},"end":{"line":13,"column":64}},"8":{"start":{"line":14,"column":2},"end":{"line":14,"column":null}},"9":{"start":{"line":11,"column":0},"end":{"line":11,"column":22}},"10":{"start":{"line":18,"column":17},"end":{"line":18,"column":34}},"11":{"start":{"line":19,"column":23},"end":{"line":19,"column":72}},"12":{"start":{"line":20,"column":2},"end":{"line":20,"column":null}},"13":{"start":{"line":17,"column":0},"end":{"line":17,"column":22}}},"fnMap":{"0":{"name":"subscriptEvent","decl":{"start":{"line":4,"column":22},"end":{"line":4,"column":36}},"loc":{"start":{"line":4,"column":65},"end":{"line":9,"column":null}}},"1":{"name":"getData","decl":{"start":{"line":11,"column":22},"end":{"line":11,"column":29}},"loc":{"start":{"line":11,"column":58},"end":{"line":15,"column":null}}},"2":{"name":"getSubscription","decl":{"start":{"line":17,"column":22},"end":{"line":17,"column":37}},"loc":{"start":{"line":17,"column":66},"end":{"line":21,"column":null}}}},"branchMap":{},"s":{"0":1,"1":0,"2":0,"3":0,"4":0,"5":1,"6":0,"7":0,"8":0,"9":1,"10":0,"11":0,"12":0,"13":1},"f":{"0":0,"1":0,"2":0},"b":{}}
,"/home/leonardo/Desktop/driven/Arquitetura/projeto24-drivent/back-end/src/errors/incorrect-email-error.ts": {"path":"/home/leonardo/Desktop/driven/Arquitetura/projeto24-drivent/back-end/src/errors/incorrect-email-error.ts","statementMap":{"0":{"start":{"line":3,"column":4},"end":{"line":3,"column":null}},"1":{"start":{"line":4,"column":4},"end":{"line":4,"column":null}},"2":{"start":{"line":1,"column":0},"end":{"line":1,"column":13}},"3":{"start":{"line":8,"column":13},"end":{"line":11,"column":null}}},"fnMap":{"0":{"name":"(anonymous_0)","decl":{"start":{"line":2,"column":2},"end":{"line":2,"column":null}},"loc":{"start":{"line":2,"column":2},"end":{"line":5,"column":3}}}},"branchMap":{},"s":{"0":0,"1":0,"2":1,"3":1},"f":{"0":0},"b":{}}
,"/home/leonardo/Desktop/driven/Arquitetura/projeto24-drivent/back-end/src/middlewares/errorHandler.ts": {"path":"/home/leonardo/Desktop/driven/Arquitetura/projeto24-drivent/back-end/src/middlewares/errorHandler.ts","statementMap":{"0":{"start":{"line":9,"column":27},"end":{"line":9,"column":30}},"1":{"start":{"line":10,"column":2},"end":{"line":13,"column":null}},"2":{"start":{"line":10,"column":33},"end":{"line":10,"column":null}},"3":{"start":{"line":11,"column":7},"end":{"line":13,"column":null}},"4":{"start":{"line":11,"column":42},"end":{"line":11,"column":null}},"5":{"start":{"line":12,"column":7},"end":{"line":13,"column":null}},"6":{"start":{"line":12,"column":39},"end":{"line":12,"column":null}},"7":{"start":{"line":13,"column":7},"end":{"line":13,"column":null}},"8":{"start":{"line":13,"column":41},"end":{"line":13,"column":null}},"9":{"start":{"line":15,"column":2},"end":{"line":15,"column":null}},"10":{"start":{"line":3,"column":0},"end":{"line":3,"column":24}}},"fnMap":{"0":{"name":"errorHandler","decl":{"start":{"line":3,"column":24},"end":{"line":3,"column":36}},"loc":{"start":{"line":7,"column":20},"end":{"line":16,"column":1}}}},"branchMap":{"0":{"loc":{"start":{"line":10,"column":2},"end":{"line":13,"column":null}},"type":"if","locations":[{"start":{"line":10,"column":2},"end":{"line":13,"column":null}},{"start":{"line":11,"column":7},"end":{"line":13,"column":null}}]},"1":{"loc":{"start":{"line":11,"column":7},"end":{"line":13,"column":null}},"type":"if","locations":[{"start":{"line":11,"column":7},"end":{"line":13,"column":null}},{"start":{"line":12,"column":7},"end":{"line":13,"column":null}}]},"2":{"loc":{"start":{"line":12,"column":7},"end":{"line":13,"column":null}},"type":"if","locations":[{"start":{"line":12,"column":7},"end":{"line":13,"column":null}},{"start":{"line":13,"column":7},"end":{"line":13,"column":null}}]},"3":{"loc":{"start":{"line":13,"column":7},"end":{"line":13,"column":null}},"type":"if","locations":[{"start":{"line":13,"column":7},"end":{"line":13,"column":null}}]}},"s":{"0":3,"1":3,"2":0,"3":3,"4":2,"5":1,"6":0,"7":1,"8":1,"9":3,"10":1},"f":{"0":3},"b":{"0":[0,3],"1":[2,1],"2":[0,1],"3":[1]}}
,"/home/leonardo/Desktop/driven/Arquitetura/projeto24-drivent/back-end/src/middlewares/validateSchema.ts": {"path":"/home/leonardo/Desktop/driven/Arquitetura/projeto24-drivent/back-end/src/middlewares/validateSchema.ts","statementMap":{"0":{"start":{"line":4,"column":23},"end":{"line":19,"column":1}},"1":{"start":{"line":5,"column":2},"end":{"line":18,"column":null}},"2":{"start":{"line":6,"column":17},"end":{"line":6,"column":25}},"3":{"start":{"line":7,"column":23},"end":{"line":7,"column":67}},"4":{"start":{"line":8,"column":4},"end":{"line":16,"column":6}},"5":{"start":{"line":9,"column":22},"end":{"line":9,"column":46}},"6":{"start":{"line":10,"column":21},"end":{"line":14,"column":8}},"7":{"start":{"line":11,"column":30},"end":{"line":11,"column":47}},"8":{"start":{"line":12,"column":24},"end":{"line":12,"column":70}},"9":{"start":{"line":13,"column":8},"end":{"line":13,"column":null}},"10":{"start":{"line":15,"column":6},"end":{"line":15,"column":null}},"11":{"start":{"line":17,"column":4},"end":{"line":17,"column":null}},"12":{"start":{"line":21,"column":0},"end":{"line":21,"column":null}}},"fnMap":{"0":{"name":"(anonymous_0)","decl":{"start":{"line":4,"column":23},"end":{"line":4,"column":24}},"loc":{"start":{"line":4,"column":42},"end":{"line":19,"column":1}}},"1":{"name":"(anonymous_1)","decl":{"start":{"line":5,"column":9},"end":{"line":5,"column":10}},"loc":{"start":{"line":5,"column":61},"end":{"line":18,"column":3}}},"2":{"name":"(anonymous_2)","decl":{"start":{"line":10,"column":33},"end":{"line":10,"column":40}},"loc":{"start":{"line":10,"column":43},"end":{"line":14,"column":7}}}},"branchMap":{"0":{"loc":{"start":{"line":8,"column":4},"end":{"line":16,"column":6}},"type":"if","locations":[{"start":{"line":8,"column":4},"end":{"line":16,"column":6}}]}},"s":{"0":1,"1":3,"2":10,"3":10,"4":10,"5":5,"6":5,"7":5,"8":5,"9":5,"10":5,"11":5,"12":1},"f":{"0":3,"1":10,"2":5},"b":{"0":[5]}}
,"/home/leonardo/Desktop/driven/Arquitetura/projeto24-drivent/back-end/src/middlewares/validateToken.ts": {"path":"/home/leonardo/Desktop/driven/Arquitetura/projeto24-drivent/back-end/src/middlewares/validateToken.ts","statementMap":{"0":{"start":{"line":1,"column":0},"end":{"line":1,"column":27}},"1":{"start":{"line":2,"column":0},"end":{"line":2,"column":30}},"2":{"start":{"line":4,"column":0},"end":{"line":4,"column":65}},"3":{"start":{"line":5,"column":0},"end":{"line":5,"column":null}},"4":{"start":{"line":7,"column":22},"end":{"line":21,"column":1}},"5":{"start":{"line":8,"column":21},"end":{"line":8,"column":46}},"6":{"start":{"line":9,"column":24},"end":{"line":9,"column":55}},"7":{"start":{"line":10,"column":29},"end":{"line":10,"column":57}},"8":{"start":{"line":12,"column":2},"end":{"line":12,"column":null}},"9":{"start":{"line":12,"column":22},"end":{"line":12,"column":null}},"10":{"start":{"line":13,"column":2},"end":{"line":20,"column":null}},"11":{"start":{"line":13,"column":52},"end":{"line":20,"column":4}},"12":{"start":{"line":14,"column":4},"end":{"line":14,"column":null}},"13":{"start":{"line":14,"column":13},"end":{"line":14,"column":null}},"14":{"start":{"line":15,"column":19},"end":{"line":15,"column":31}},"15":{"start":{"line":16,"column":21},"end":{"line":16,"column":58}},"16":{"start":{"line":17,"column":4},"end":{"line":17,"column":null}},"17":{"start":{"line":17,"column":19},"end":{"line":17,"column":null}},"18":{"start":{"line":18,"column":4},"end":{"line":18,"column":null}},"19":{"start":{"line":19,"column":4},"end":{"line":19,"column":null}},"20":{"start":{"line":23,"column":0},"end":{"line":23,"column":null}}},"fnMap":{"0":{"name":"(anonymous_14)","decl":{"start":{"line":7,"column":22},"end":{"line":7,"column":23}},"loc":{"start":{"line":7,"column":74},"end":{"line":21,"column":1}}},"1":{"name":"(anonymous_15)","decl":{"start":{"line":13,"column":32},"end":{"line":13,"column":39}},"loc":{"start":{"line":13,"column":52},"end":{"line":20,"column":4}}},"2":{"name":"(anonymous_16)","decl":{"start":{"line":13,"column":52},"end":{"line":13,"column":null}},"loc":{"start":{"line":13,"column":52},"end":{"line":20,"column":3}}}},"branchMap":{"0":{"loc":{"start":{"line":9,"column":24},"end":{"line":9,"column":55}},"type":"cond-expr","locations":[{"start":{"line":9,"column":49},"end":{"line":9,"column":53}},{"start":{"line":9,"column":53},"end":{"line":9,"column":55}}]},"1":{"loc":{"start":{"line":9,"column":24},"end":{"line":9,"column":53}},"type":"binary-expr","locations":[{"start":{"line":9,"column":24},"end":{"line":9,"column":53}},{"start":{"line":9,"column":49},"end":{"line":9,"column":53}}]},"2":{"loc":{"start":{"line":9,"column":24},"end":{"line":9,"column":49}},"type":"cond-expr","locations":[{"start":{"line":9,"column":34},"end":{"line":9,"column":36}},{"start":{"line":9,"column":24},"end":{"line":9,"column":49}}]},"3":{"loc":{"start":{"line":9,"column":24},"end":{"line":9,"column":36}},"type":"binary-expr","locations":[{"start":{"line":9,"column":24},"end":{"line":9,"column":36}},{"start":{"line":9,"column":24},"end":{"line":9,"column":36}}]},"4":{"loc":{"start":{"line":10,"column":29},"end":{"line":10,"column":57}},"type":"cond-expr","locations":[{"start":{"line":10,"column":51},"end":{"line":10,"column":55}},{"start":{"line":10,"column":55},"end":{"line":10,"column":57}}]},"5":{"loc":{"start":{"line":10,"column":29},"end":{"line":10,"column":55}},"type":"binary-expr","locations":[{"start":{"line":10,"column":29},"end":{"line":10,"column":55}},{"start":{"line":10,"column":51},"end":{"line":10,"column":55}}]},"6":{"loc":{"start":{"line":12,"column":2},"end":{"line":12,"column":null}},"type":"if","locations":[{"start":{"line":12,"column":2},"end":{"line":12,"column":null}}]},"7":{"loc":{"start":{"line":14,"column":4},"end":{"line":14,"column":null}},"type":"if","locations":[{"start":{"line":14,"column":4},"end":{"line":14,"column":null}}]},"8":{"loc":{"start":{"line":17,"column":4},"end":{"line":17,"column":null}},"type":"if","locations":[{"start":{"line":17,"column":4},"end":{"line":17,"column":null}}]}},"s":{"0":1,"1":1,"2":1,"3":1,"4":1,"5":0,"6":0,"7":0,"8":0,"9":0,"10":0,"11":0,"12":0,"13":0,"14":0,"15":0,"16":0,"17":0,"18":0,"19":0,"20":1},"f":{"0":0,"1":0,"2":0},"b":{"0":[0,0],"1":[0,0],"2":[0,0],"3":[0,0],"4":[0,0],"5":[0,0],"6":[0],"7":[0],"8":[0]}}
,"/home/leonardo/Desktop/driven/Arquitetura/projeto24-drivent/back-end/src/repositories/auth-repository.ts": {"path":"/home/leonardo/Desktop/driven/Arquitetura/projeto24-drivent/back-end/src/repositories/auth-repository.ts","statementMap":{"0":{"start":{"line":1,"column":0},"end":{"line":1,"column":39}},"1":{"start":{"line":6,"column":2},"end":{"line":6,"column":null}},"2":{"start":{"line":5,"column":0},"end":{"line":5,"column":22}},"3":{"start":{"line":10,"column":28},"end":{"line":10,"column":78}},"4":{"start":{"line":11,"column":2},"end":{"line":11,"column":null}},"5":{"start":{"line":9,"column":0},"end":{"line":9,"column":22}},"6":{"start":{"line":15,"column":15},"end":{"line":15,"column":62}},"7":{"start":{"line":16,"column":2},"end":{"line":16,"column":null}},"8":{"start":{"line":14,"column":0},"end":{"line":14,"column":22}}},"fnMap":{"0":{"name":"insert","decl":{"start":{"line":5,"column":22},"end":{"line":5,"column":28}},"loc":{"start":{"line":5,"column":48},"end":{"line":7,"column":null}}},"1":{"name":"findByEmail","decl":{"start":{"line":9,"column":22},"end":{"line":9,"column":33}},"loc":{"start":{"line":9,"column":48},"end":{"line":12,"column":null}}},"2":{"name":"findById","decl":{"start":{"line":14,"column":22},"end":{"line":14,"column":30}},"loc":{"start":{"line":14,"column":42},"end":{"line":17,"column":null}}}},"branchMap":{},"s":{"0":1,"1":4,"2":1,"3":8,"4":8,"5":1,"6":0,"7":0,"8":1},"f":{"0":4,"1":8,"2":0},"b":{}}
,"/home/leonardo/Desktop/driven/Arquitetura/projeto24-drivent/back-end/src/repositories/payment-repository.ts": {"path":"/home/leonardo/Desktop/driven/Arquitetura/projeto24-drivent/back-end/src/repositories/payment-repository.ts","statementMap":{"0":{"start":{"line":1,"column":0},"end":{"line":1,"column":39}},"1":{"start":{"line":7,"column":2},"end":{"line":7,"column":null}},"2":{"start":{"line":6,"column":0},"end":{"line":6,"column":22}},"3":{"start":{"line":11,"column":2},"end":{"line":11,"column":null}},"4":{"start":{"line":10,"column":0},"end":{"line":10,"column":22}},"5":{"start":{"line":15,"column":2},"end":{"line":15,"column":null}},"6":{"start":{"line":14,"column":0},"end":{"line":14,"column":22}},"7":{"start":{"line":19,"column":2},"end":{"line":19,"column":null}},"8":{"start":{"line":18,"column":0},"end":{"line":18,"column":22}},"9":{"start":{"line":23,"column":2},"end":{"line":23,"column":null}},"10":{"start":{"line":22,"column":0},"end":{"line":22,"column":22}},"11":{"start":{"line":27,"column":2},"end":{"line":27,"column":null}},"12":{"start":{"line":26,"column":0},"end":{"line":26,"column":22}},"13":{"start":{"line":31,"column":2},"end":{"line":31,"column":null}},"14":{"start":{"line":30,"column":0},"end":{"line":30,"column":22}}},"fnMap":{"0":{"name":"getModalities","decl":{"start":{"line":6,"column":22},"end":{"line":6,"column":35}},"loc":{"start":{"line":6,"column":35},"end":{"line":8,"column":null}}},"1":{"name":"getModalityById","decl":{"start":{"line":10,"column":22},"end":{"line":10,"column":37}},"loc":{"start":{"line":10,"column":49},"end":{"line":12,"column":null}}},"2":{"name":"getHostings","decl":{"start":{"line":14,"column":22},"end":{"line":14,"column":33}},"loc":{"start":{"line":14,"column":33},"end":{"line":16,"column":null}}},"3":{"name":"getHostingById","decl":{"start":{"line":18,"column":22},"end":{"line":18,"column":36}},"loc":{"start":{"line":18,"column":48},"end":{"line":20,"column":null}}},"4":{"name":"findCreditCardByNumber","decl":{"start":{"line":22,"column":22},"end":{"line":22,"column":44}},"loc":{"start":{"line":22,"column":60},"end":{"line":24,"column":null}}},"5":{"name":"createCreditCard","decl":{"start":{"line":26,"column":22},"end":{"line":26,"column":38}},"loc":{"start":{"line":26,"column":60},"end":{"line":28,"column":null}}},"6":{"name":"insertPayment","decl":{"start":{"line":30,"column":22},"end":{"line":30,"column":35}},"loc":{"start":{"line":30,"column":54},"end":{"line":32,"column":null}}}},"branchMap":{},"s":{"0":1,"1":0,"2":1,"3":0,"4":1,"5":0,"6":1,"7":0,"8":1,"9":0,"10":1,"11":0,"12":1,"13":0,"14":1},"f":{"0":0,"1":0,"2":0,"3":0,"4":0,"5":0,"6":0},"b":{}}
,"/home/leonardo/Desktop/driven/Arquitetura/projeto24-drivent/back-end/src/repositories/subscription-repository.ts": {"path":"/home/leonardo/Desktop/driven/Arquitetura/projeto24-drivent/back-end/src/repositories/subscription-repository.ts","statementMap":{"0":{"start":{"line":1,"column":0},"end":{"line":1,"column":39}},"1":{"start":{"line":6,"column":18},"end":{"line":8,"column":4}},"2":{"start":{"line":9,"column":2},"end":{"line":9,"column":null}},"3":{"start":{"line":5,"column":0},"end":{"line":5,"column":22}},"4":{"start":{"line":13,"column":22},"end":{"line":15,"column":4}},"5":{"start":{"line":16,"column":2},"end":{"line":16,"column":null}},"6":{"start":{"line":12,"column":0},"end":{"line":12,"column":22}},"7":{"start":{"line":20,"column":12},"end":{"line":22,"column":null}},"8":{"start":{"line":24,"column":13},"end":{"line":24,"column":28}},"9":{"start":{"line":25,"column":21},"end":{"line":31,"column":4}},"10":{"start":{"line":32,"column":2},"end":{"line":32,"column":null}},"11":{"start":{"line":19,"column":0},"end":{"line":19,"column":22}},"12":{"start":{"line":36,"column":15},"end":{"line":39,"column":null}},"13":{"start":{"line":40,"column":13},"end":{"line":40,"column":26}},"14":{"start":{"line":41,"column":22},"end":{"line":47,"column":4}},"15":{"start":{"line":48,"column":2},"end":{"line":48,"column":null}},"16":{"start":{"line":35,"column":0},"end":{"line":35,"column":22}},"17":{"start":{"line":52,"column":15},"end":{"line":56,"column":null}},"18":{"start":{"line":57,"column":21},"end":{"line":62,"column":4}},"19":{"start":{"line":63,"column":2},"end":{"line":63,"column":null}},"20":{"start":{"line":51,"column":0},"end":{"line":51,"column":22}},"21":{"start":{"line":67,"column":2},"end":{"line":67,"column":null}},"22":{"start":{"line":66,"column":0},"end":{"line":66,"column":22}},"23":{"start":{"line":71,"column":2},"end":{"line":71,"column":null}},"24":{"start":{"line":72,"column":2},"end":{"line":77,"column":null}},"25":{"start":{"line":70,"column":0},"end":{"line":70,"column":22}},"26":{"start":{"line":81,"column":2},"end":{"line":81,"column":null}},"27":{"start":{"line":80,"column":0},"end":{"line":80,"column":22}},"28":{"start":{"line":85,"column":19},"end":{"line":93,"column":null}},"29":{"start":{"line":94,"column":2},"end":{"line":94,"column":null}},"30":{"start":{"line":84,"column":0},"end":{"line":84,"column":22}},"31":{"start":{"line":98,"column":2},"end":{"line":98,"column":null}},"32":{"start":{"line":97,"column":0},"end":{"line":97,"column":22}}},"fnMap":{"0":{"name":"findAddressByUserId","decl":{"start":{"line":5,"column":22},"end":{"line":5,"column":41}},"loc":{"start":{"line":5,"column":58},"end":{"line":10,"column":null}}},"1":{"name":"findPhoneByUserId","decl":{"start":{"line":12,"column":22},"end":{"line":12,"column":39}},"loc":{"start":{"line":12,"column":56},"end":{"line":17,"column":null}}},"2":{"name":"updateAddress","decl":{"start":{"line":19,"column":22},"end":{"line":19,"column":35}},"loc":{"start":{"line":19,"column":109},"end":{"line":33,"column":null}}},"3":{"name":"updatePhoneNumber","decl":{"start":{"line":35,"column":22},"end":{"line":35,"column":39}},"loc":{"start":{"line":35,"column":101},"end":{"line":49,"column":null}}},"4":{"name":"updateUserData","decl":{"start":{"line":51,"column":22},"end":{"line":51,"column":36}},"loc":{"start":{"line":51,"column":95},"end":{"line":64,"column":null}}},"5":{"name":"createSubscription","decl":{"start":{"line":66,"column":22},"end":{"line":66,"column":40}},"loc":{"start":{"line":66,"column":57},"end":{"line":68,"column":null}}},"6":{"name":"updateSubscription","decl":{"start":{"line":70,"column":22},"end":{"line":70,"column":40}},"loc":{"start":{"line":70,"column":77},"end":{"line":78,"column":null}}},"7":{"name":"getSubscriptionByUserId","decl":{"start":{"line":80,"column":22},"end":{"line":80,"column":45}},"loc":{"start":{"line":80,"column":62},"end":{"line":82,"column":null}}},"8":{"name":"getUserData","decl":{"start":{"line":84,"column":22},"end":{"line":84,"column":33}},"loc":{"start":{"line":84,"column":49},"end":{"line":95,"column":null}}},"9":{"name":"getSubscription","decl":{"start":{"line":97,"column":22},"end":{"line":97,"column":37}},"loc":{"start":{"line":97,"column":54},"end":{"line":99,"column":null}}}},"branchMap":{"0":{"loc":{"start":{"line":24,"column":13},"end":{"line":24,"column":28}},"type":"cond-expr","locations":[{"start":{"line":24,"column":13},"end":{"line":24,"column":22}},{"start":{"line":24,"column":26},"end":{"line":24,"column":28}}]},"1":{"loc":{"start":{"line":24,"column":13},"end":{"line":24,"column":26}},"type":"binary-expr","locations":[{"start":{"line":24,"column":13},"end":{"line":24,"column":26}},{"start":{"line":24,"column":13},"end":{"line":24,"column":26}}]},"2":{"loc":{"start":{"line":40,"column":13},"end":{"line":40,"column":26}},"type":"cond-expr","locations":[{"start":{"line":40,"column":13},"end":{"line":40,"column":20}},{"start":{"line":40,"column":24},"end":{"line":40,"column":26}}]},"3":{"loc":{"start":{"line":40,"column":13},"end":{"line":40,"column":24}},"type":"binary-expr","locations":[{"start":{"line":40,"column":13},"end":{"line":40,"column":24}},{"start":{"line":40,"column":13},"end":{"line":40,"column":24}}]}},"s":{"0":1,"1":0,"2":0,"3":1,"4":0,"5":0,"6":1,"7":0,"8":0,"9":0,"10":0,"11":1,"12":0,"13":0,"14":0,"15":0,"16":1,"17":0,"18":0,"19":0,"20":1,"21":0,"22":1,"23":0,"24":0,"25":1,"26":0,"27":1,"28":0,"29":0,"30":1,"31":0,"32":1},"f":{"0":0,"1":0,"2":0,"3":0,"4":0,"5":0,"6":0,"7":0,"8":0,"9":0},"b":{"0":[0,0],"1":[0,0],"2":[0,0],"3":[0,0]}}
,"/home/leonardo/Desktop/driven/Arquitetura/projeto24-drivent/back-end/src/routers/authRouter.ts": {"path":"/home/leonardo/Desktop/driven/Arquitetura/projeto24-drivent/back-end/src/routers/authRouter.ts","statementMap":{"0":{"start":{"line":1,"column":0},"end":{"line":1,"column":32}},"1":{"start":{"line":2,"column":0},"end":{"line":2,"column":63}},"2":{"start":{"line":3,"column":0},"end":{"line":3,"column":58}},"3":{"start":{"line":4,"column":0},"end":{"line":4,"column":46}},"4":{"start":{"line":6,"column":19},"end":{"line":6,"column":27}},"5":{"start":{"line":8,"column":0},"end":{"line":8,"column":null}},"6":{"start":{"line":9,"column":0},"end":{"line":9,"column":null}},"7":{"start":{"line":11,"column":0},"end":{"line":11,"column":null}}},"fnMap":{},"branchMap":{},"s":{"0":1,"1":1,"2":1,"3":1,"4":1,"5":1,"6":1,"7":1},"f":{},"b":{}}
,"/home/leonardo/Desktop/driven/Arquitetura/projeto24-drivent/back-end/src/routers/payment-router.ts": {"path":"/home/leonardo/Desktop/driven/Arquitetura/projeto24-drivent/back-end/src/routers/payment-router.ts","statementMap":{"0":{"start":{"line":1,"column":0},"end":{"line":1,"column":32}},"1":{"start":{"line":2,"column":0},"end":{"line":2,"column":70}},"2":{"start":{"line":3,"column":0},"end":{"line":3,"column":56}},"3":{"start":{"line":4,"column":0},"end":{"line":4,"column":58}},"4":{"start":{"line":5,"column":0},"end":{"line":5,"column":53}},"5":{"start":{"line":7,"column":22},"end":{"line":7,"column":30}},"6":{"start":{"line":9,"column":0},"end":{"line":9,"column":null}},"7":{"start":{"line":10,"column":0},"end":{"line":10,"column":null}},"8":{"start":{"line":11,"column":0},"end":{"line":11,"column":null}},"9":{"start":{"line":13,"column":0},"end":{"line":13,"column":null}}},"fnMap":{},"branchMap":{},"s":{"0":1,"1":1,"2":1,"3":1,"4":1,"5":1,"6":1,"7":1,"8":1,"9":1},"f":{},"b":{}}
,"/home/leonardo/Desktop/driven/Arquitetura/projeto24-drivent/back-end/src/routers/routes.ts": {"path":"/home/leonardo/Desktop/driven/Arquitetura/projeto24-drivent/back-end/src/routers/routes.ts","statementMap":{"0":{"start":{"line":1,"column":0},"end":{"line":1,"column":32}},"1":{"start":{"line":2,"column":0},"end":{"line":2,"column":37}},"2":{"start":{"line":3,"column":0},"end":{"line":3,"column":54}},"3":{"start":{"line":4,"column":0},"end":{"line":4,"column":44}},"4":{"start":{"line":6,"column":15},"end":{"line":6,"column":23}},"5":{"start":{"line":8,"column":0},"end":{"line":8,"column":null}},"6":{"start":{"line":9,"column":0},"end":{"line":9,"column":null}},"7":{"start":{"line":10,"column":0},"end":{"line":10,"column":null}},"8":{"start":{"line":12,"column":0},"end":{"line":12,"column":null}}},"fnMap":{},"branchMap":{},"s":{"0":1,"1":1,"2":1,"3":1,"4":1,"5":1,"6":1,"7":1,"8":1},"f":{},"b":{}}
,"/home/leonardo/Desktop/driven/Arquitetura/projeto24-drivent/back-end/src/routers/subscription-router.ts": {"path":"/home/leonardo/Desktop/driven/Arquitetura/projeto24-drivent/back-end/src/routers/subscription-router.ts","statementMap":{"0":{"start":{"line":1,"column":0},"end":{"line":1,"column":32}},"1":{"start":{"line":2,"column":0},"end":{"line":2,"column":58}},"2":{"start":{"line":3,"column":0},"end":{"line":3,"column":56}},"3":{"start":{"line":4,"column":0},"end":{"line":4,"column":56}},"4":{"start":{"line":5,"column":0},"end":{"line":5,"column":80}},"5":{"start":{"line":7,"column":27},"end":{"line":7,"column":35}},"6":{"start":{"line":9,"column":0},"end":{"line":9,"column":null}},"7":{"start":{"line":10,"column":0},"end":{"line":10,"column":null}},"8":{"start":{"line":11,"column":0},"end":{"line":11,"column":null}},"9":{"start":{"line":13,"column":0},"end":{"line":13,"column":null}}},"fnMap":{},"branchMap":{},"s":{"0":1,"1":1,"2":1,"3":1,"4":1,"5":1,"6":1,"7":1,"8":1,"9":1},"f":{},"b":{}}
,"/home/leonardo/Desktop/driven/Arquitetura/projeto24-drivent/back-end/src/schemas/authSchema.ts": {"path":"/home/leonardo/Desktop/driven/Arquitetura/projeto24-drivent/back-end/src/schemas/authSchema.ts","statementMap":{"0":{"start":{"line":1,"column":0},"end":{"line":1,"column":21}},"1":{"start":{"line":3,"column":19},"end":{"line":7,"column":2}},"2":{"start":{"line":9,"column":0},"end":{"line":9,"column":null}}},"fnMap":{},"branchMap":{},"s":{"0":1,"1":1,"2":1},"f":{},"b":{}}
,"/home/leonardo/Desktop/driven/Arquitetura/projeto24-drivent/back-end/src/schemas/payment-schema.ts": {"path":"/home/leonardo/Desktop/driven/Arquitetura/projeto24-drivent/back-end/src/schemas/payment-schema.ts","statementMap":{"0":{"start":{"line":1,"column":0},"end":{"line":1,"column":21}},"1":{"start":{"line":3,"column":22},"end":{"line":11,"column":2}},"2":{"start":{"line":13,"column":0},"end":{"line":13,"column":null}}},"fnMap":{},"branchMap":{},"s":{"0":1,"1":1,"2":1},"f":{},"b":{}}
,"/home/leonardo/Desktop/driven/Arquitetura/projeto24-drivent/back-end/src/schemas/user-data-schema.ts": {"path":"/home/leonardo/Desktop/driven/Arquitetura/projeto24-drivent/back-end/src/schemas/user-data-schema.ts","statementMap":{"0":{"start":{"line":1,"column":0},"end":{"line":1,"column":21}},"1":{"start":{"line":3,"column":23},"end":{"line":15,"column":2}},"2":{"start":{"line":17,"column":0},"end":{"line":17,"column":null}}},"fnMap":{},"branchMap":{},"s":{"0":1,"1":1,"2":1},"f":{},"b":{}}
,"/home/leonardo/Desktop/driven/Arquitetura/projeto24-drivent/back-end/src/services/authService.ts": {"path":"/home/leonardo/Desktop/driven/Arquitetura/projeto24-drivent/back-end/src/services/authService.ts","statementMap":{"0":{"start":{"line":2,"column":0},"end":{"line":2,"column":65}},"1":{"start":{"line":3,"column":0},"end":{"line":3,"column":27}},"2":{"start":{"line":4,"column":0},"end":{"line":4,"column":30}},"3":{"start":{"line":5,"column":0},"end":{"line":5,"column":27}},"4":{"start":{"line":7,"column":0},"end":{"line":7,"column":69}},"5":{"start":{"line":8,"column":0},"end":{"line":8,"column":null}},"6":{"start":{"line":11,"column":28},"end":{"line":11,"column":66}},"7":{"start":{"line":12,"column":28},"end":{"line":12,"column":76}},"8":{"start":{"line":13,"column":2},"end":{"line":13,"column":null}},"9":{"start":{"line":13,"column":54},"end":{"line":13,"column":null}},"10":{"start":{"line":14,"column":2},"end":{"line":14,"column":null}},"11":{"start":{"line":14,"column":12},"end":{"line":14,"column":null}},"12":{"start":{"line":15,"column":2},"end":{"line":18,"column":null}},"13":{"start":{"line":10,"column":0},"end":{"line":10,"column":22}},"14":{"start":{"line":22,"column":28},"end":{"line":22,"column":76}},"15":{"start":{"line":23,"column":2},"end":{"line":23,"column":null}},"16":{"start":{"line":23,"column":13},"end":{"line":23,"column":null}},"17":{"start":{"line":24,"column":27},"end":{"line":24,"column":79}},"18":{"start":{"line":25,"column":2},"end":{"line":25,"column":null}},"19":{"start":{"line":25,"column":25},"end":{"line":25,"column":null}},"20":{"start":{"line":26,"column":28},"end":{"line":26,"column":62}},"21":{"start":{"line":27,"column":16},"end":{"line":27,"column":55}},"22":{"start":{"line":28,"column":2},"end":{"line":28,"column":null}},"23":{"start":{"line":21,"column":0},"end":{"line":21,"column":22}}},"fnMap":{"0":{"name":"createUser","decl":{"start":{"line":10,"column":22},"end":{"line":10,"column":32}},"loc":{"start":{"line":10,"column":52},"end":{"line":19,"column":null}}},"1":{"name":"loginUser","decl":{"start":{"line":21,"column":22},"end":{"line":21,"column":31}},"loc":{"start":{"line":21,"column":51},"end":{"line":29,"column":null}}}},"branchMap":{"0":{"loc":{"start":{"line":13,"column":2},"end":{"line":13,"column":null}},"type":"if","locations":[{"start":{"line":13,"column":2},"end":{"line":13,"column":null}}]},"1":{"loc":{"start":{"line":14,"column":2},"end":{"line":14,"column":null}},"type":"if","locations":[{"start":{"line":14,"column":2},"end":{"line":14,"column":null}}]},"2":{"loc":{"start":{"line":23,"column":2},"end":{"line":23,"column":null}},"type":"if","locations":[{"start":{"line":23,"column":2},"end":{"line":23,"column":null}}]},"3":{"loc":{"start":{"line":25,"column":2},"end":{"line":25,"column":null}},"type":"if","locations":[{"start":{"line":25,"column":2},"end":{"line":25,"column":null}}]},"4":{"loc":{"start":{"line":26,"column":28},"end":{"line":26,"column":62}},"type":"cond-expr","locations":[{"start":{"line":26,"column":50},"end":{"line":26,"column":54}},{"start":{"line":26,"column":54},"end":{"line":26,"column":62}}]},"5":{"loc":{"start":{"line":26,"column":28},"end":{"line":26,"column":54}},"type":"binary-expr","locations":[{"start":{"line":26,"column":28},"end":{"line":26,"column":54}},{"start":{"line":26,"column":50},"end":{"line":26,"column":54}}]}},"s":{"0":1,"1":1,"2":1,"3":1,"4":1,"5":1,"6":5,"7":5,"8":5,"9":1,"10":4,"11":0,"12":4,"13":1,"14":3,"15":3,"16":1,"17":2,"18":2,"19":1,"20":1,"21":1,"22":1,"23":1},"f":{"0":5,"1":3},"b":{"0":[1],"1":[0],"2":[1],"3":[1],"4":[1,0],"5":[1,1]}}
,"/home/leonardo/Desktop/driven/Arquitetura/projeto24-drivent/back-end/src/services/payment-service.ts": {"path":"/home/leonardo/Desktop/driven/Arquitetura/projeto24-drivent/back-end/src/services/payment-service.ts","statementMap":{"0":{"start":{"line":1,"column":0},"end":{"line":1,"column":71}},"1":{"start":{"line":3,"column":0},"end":{"line":3,"column":81}},"2":{"start":{"line":6,"column":2},"end":{"line":6,"column":null}},"3":{"start":{"line":5,"column":0},"end":{"line":5,"column":22}},"4":{"start":{"line":10,"column":2},"end":{"line":10,"column":null}},"5":{"start":{"line":9,"column":0},"end":{"line":9,"column":22}},"6":{"start":{"line":14,"column":2},"end":{"line":14,"column":null}},"7":{"start":{"line":15,"column":41},"end":{"line":21,"column":null}},"8":{"start":{"line":22,"column":19},"end":{"line":22,"column":85}},"9":{"start":{"line":23,"column":2},"end":{"line":23,"column":null}},"10":{"start":{"line":23,"column":19},"end":{"line":23,"column":null}},"11":{"start":{"line":24,"column":31},"end":{"line":29,"column":null}},"12":{"start":{"line":30,"column":2},"end":{"line":30,"column":null}},"13":{"start":{"line":31,"column":25},"end":{"line":31,"column":71}},"14":{"start":{"line":32,"column":2},"end":{"line":32,"column":null}},"15":{"start":{"line":33,"column":2},"end":{"line":33,"column":null}},"16":{"start":{"line":13,"column":0},"end":{"line":13,"column":22}},"17":{"start":{"line":47,"column":19},"end":{"line":47,"column":71}},"18":{"start":{"line":48,"column":2},"end":{"line":49,"column":null}},"19":{"start":{"line":48,"column":63},"end":{"line":48,"column":null}},"20":{"start":{"line":49,"column":7},"end":{"line":49,"column":null}},"21":{"start":{"line":49,"column":72},"end":{"line":49,"column":null}},"22":{"start":{"line":53,"column":23},"end":{"line":53,"column":84}},"23":{"start":{"line":54,"column":2},"end":{"line":54,"column":null}},"24":{"start":{"line":55,"column":2},"end":{"line":55,"column":null}},"25":{"start":{"line":55,"column":41},"end":{"line":55,"column":null}},"26":{"start":{"line":59,"column":19},"end":{"line":59,"column":20}},"27":{"start":{"line":60,"column":19},"end":{"line":60,"column":83}},"28":{"start":{"line":61,"column":2},"end":{"line":61,"column":null}},"29":{"start":{"line":62,"column":2},"end":{"line":65,"column":null}},"30":{"start":{"line":63,"column":20},"end":{"line":63,"column":82}},"31":{"start":{"line":64,"column":4},"end":{"line":64,"column":null}},"32":{"start":{"line":66,"column":2},"end":{"line":66,"column":null}},"33":{"start":{"line":66,"column":40},"end":{"line":66,"column":null}}},"fnMap":{"0":{"name":"getModalities","decl":{"start":{"line":5,"column":22},"end":{"line":5,"column":35}},"loc":{"start":{"line":5,"column":35},"end":{"line":7,"column":null}}},"1":{"name":"getHostings","decl":{"start":{"line":9,"column":22},"end":{"line":9,"column":33}},"loc":{"start":{"line":9,"column":33},"end":{"line":11,"column":null}}},"2":{"name":"createPayment","decl":{"start":{"line":13,"column":22},"end":{"line":13,"column":35}},"loc":{"start":{"line":13,"column":85},"end":{"line":34,"column":null}}},"3":{"name":"checkModalityInformarions","decl":{"start":{"line":46,"column":15},"end":{"line":46,"column":40}},"loc":{"start":{"line":46,"column":93},"end":{"line":50,"column":null}}},"4":{"name":"checkSubscriptionStatus","decl":{"start":{"line":52,"column":15},"end":{"line":52,"column":38}},"loc":{"start":{"line":52,"column":55},"end":{"line":56,"column":null}}},"5":{"name":"checkPaymentPrice","decl":{"start":{"line":58,"column":15},"end":{"line":58,"column":32}},"loc":{"start":{"line":58,"column":58},"end":{"line":67,"column":null}}}},"branchMap":{"0":{"loc":{"start":{"line":23,"column":2},"end":{"line":23,"column":null}},"type":"if","locations":[{"start":{"line":23,"column":2},"end":{"line":23,"column":null}}]},"1":{"loc":{"start":{"line":27,"column":16},"end":{"line":27,"column":46}},"type":"cond-expr","locations":[{"start":{"line":27,"column":38},"end":{"line":27,"column":42}},{"start":{"line":27,"column":42},"end":{"line":27,"column":46}}]},"2":{"loc":{"start":{"line":27,"column":16},"end":{"line":27,"column":42}},"type":"binary-expr","locations":[{"start":{"line":27,"column":16},"end":{"line":27,"column":42}},{"start":{"line":27,"column":38},"end":{"line":27,"column":42}}]},"3":{"loc":{"start":{"line":48,"column":2},"end":{"line":49,"column":null}},"type":"if","locations":[{"start":{"line":48,"column":2},"end":{"line":49,"column":null}},{"start":{"line":49,"column":7},"end":{"line":49,"column":null}}]},"4":{"loc":{"start":{"line":48,"column":6},"end":{"line":48,"column":61}},"type":"binary-expr","locations":[{"start":{"line":48,"column":6},"end":{"line":48,"column":33}},{"start":{"line":48,"column":37},"end":{"line":48,"column":61}}]},"5":{"loc":{"start":{"line":48,"column":6},"end":{"line":48,"column":20}},"type":"cond-expr","locations":[{"start":{"line":48,"column":14},"end":{"line":48,"column":16}},{"start":{"line":48,"column":6},"end":{"line":48,"column":20}}]},"6":{"loc":{"start":{"line":48,"column":6},"end":{"line":48,"column":16}},"type":"binary-expr","locations":[{"start":{"line":48,"column":6},"end":{"line":48,"column":16}},{"start":{"line":48,"column":6},"end":{"line":48,"column":16}}]},"7":{"loc":{"start":{"line":49,"column":7},"end":{"line":49,"column":null}},"type":"if","locations":[{"start":{"line":49,"column":7},"end":{"line":49,"column":null}}]},"8":{"loc":{"start":{"line":49,"column":11},"end":{"line":49,"column":70}},"type":"binary-expr","locations":[{"start":{"line":49,"column":11},"end":{"line":49,"column":42}},{"start":{"line":49,"column":46},"end":{"line":49,"column":70}}]},"9":{"loc":{"start":{"line":49,"column":11},"end":{"line":49,"column":25}},"type":"cond-expr","locations":[{"start":{"line":49,"column":19},"end":{"line":49,"column":21}},{"start":{"line":49,"column":11},"end":{"line":49,"column":25}}]},"10":{"loc":{"start":{"line":49,"column":11},"end":{"line":49,"column":21}},"type":"binary-expr","locations":[{"start":{"line":49,"column":11},"end":{"line":49,"column":21}},{"start":{"line":49,"column":11},"end":{"line":49,"column":21}}]},"11":{"loc":{"start":{"line":55,"column":2},"end":{"line":55,"column":null}},"type":"if","locations":[{"start":{"line":55,"column":2},"end":{"line":55,"column":null}}]},"12":{"loc":{"start":{"line":55,"column":6},"end":{"line":55,"column":30}},"type":"cond-expr","locations":[{"start":{"line":55,"column":18},"end":{"line":55,"column":20}},{"start":{"line":55,"column":6},"end":{"line":55,"column":30}}]},"13":{"loc":{"start":{"line":55,"column":6},"end":{"line":55,"column":20}},"type":"binary-expr","locations":[{"start":{"line":55,"column":6},"end":{"line":55,"column":20}},{"start":{"line":55,"column":6},"end":{"line":55,"column":20}}]},"14":{"loc":{"start":{"line":61,"column":16},"end":{"line":61,"column":36}},"type":"cond-expr","locations":[{"start":{"line":61,"column":31},"end":{"line":61,"column":35}},{"start":{"line":61,"column":35},"end":{"line":61,"column":36}}]},"15":{"loc":{"start":{"line":61,"column":16},"end":{"line":61,"column":35}},"type":"binary-expr","locations":[{"start":{"line":61,"column":16},"end":{"line":61,"column":35}},{"start":{"line":61,"column":31},"end":{"line":61,"column":35}}]},"16":{"loc":{"start":{"line":61,"column":16},"end":{"line":61,"column":31}},"type":"cond-expr","locations":[{"start":{"line":61,"column":24},"end":{"line":61,"column":26}},{"start":{"line":61,"column":16},"end":{"line":61,"column":31}}]},"17":{"loc":{"start":{"line":61,"column":16},"end":{"line":61,"column":26}},"type":"binary-expr","locations":[{"start":{"line":61,"column":16},"end":{"line":61,"column":26}},{"start":{"line":61,"column":16},"end":{"line":61,"column":26}}]},"18":{"loc":{"start":{"line":62,"column":2},"end":{"line":65,"column":null}},"type":"if","locations":[{"start":{"line":62,"column":2},"end":{"line":65,"column":null}}]},"19":{"loc":{"start":{"line":64,"column":18},"end":{"line":64,"column":37}},"type":"cond-expr","locations":[{"start":{"line":64,"column":32},"end":{"line":64,"column":36}},{"start":{"line":64,"column":36},"end":{"line":64,"column":37}}]},"20":{"loc":{"start":{"line":64,"column":18},"end":{"line":64,"column":36}},"type":"binary-expr","locations":[{"start":{"line":64,"column":18},"end":{"line":64,"column":36}},{"start":{"line":64,"column":32},"end":{"line":64,"column":36}}]},"21":{"loc":{"start":{"line":64,"column":18},"end":{"line":64,"column":32}},"type":"cond-expr","locations":[{"start":{"line":64,"column":25},"end":{"line":64,"column":27}},{"start":{"line":64,"column":18},"end":{"line":64,"column":32}}]},"22":{"loc":{"start":{"line":64,"column":18},"end":{"line":64,"column":27}},"type":"binary-expr","locations":[{"start":{"line":64,"column":18},"end":{"line":64,"column":27}},{"start":{"line":64,"column":18},"end":{"line":64,"column":27}}]},"23":{"loc":{"start":{"line":66,"column":2},"end":{"line":66,"column":null}},"type":"if","locations":[{"start":{"line":66,"column":2},"end":{"line":66,"column":null}}]}},"s":{"0":1,"1":1,"2":0,"3":1,"4":0,"5":1,"6":0,"7":0,"8":0,"9":0,"10":0,"11":0,"12":0,"13":0,"14":0,"15":0,"16":1,"17":0,"18":0,"19":0,"20":0,"21":0,"22":0,"23":0,"24":0,"25":0,"26":0,"27":0,"28":0,"29":0,"30":0,"31":0,"32":0,"33":0},"f":{"0":0,"1":0,"2":0,"3":0,"4":0,"5":0},"b":{"0":[0],"1":[0,0],"2":[0,0],"3":[0,0],"4":[0,0],"5":[0,0],"6":[0,0],"7":[0],"8":[0,0],"9":[0,0],"10":[0,0],"11":[0],"12":[0,0],"13":[0,0],"14":[0,0],"15":[0,0],"16":[0,0],"17":[0,0],"18":[0],"19":[0,0],"20":[0,0],"21":[0,0],"22":[0,0],"23":[0]}}
,"/home/leonardo/Desktop/driven/Arquitetura/projeto24-drivent/back-end/src/services/subscription-service.ts": {"path":"/home/leonardo/Desktop/driven/Arquitetura/projeto24-drivent/back-end/src/services/subscription-service.ts","statementMap":{"0":{"start":{"line":2,"column":0},"end":{"line":2,"column":81}},"1":{"start":{"line":6,"column":35},"end":{"line":14,"column":null}},"2":{"start":{"line":15,"column":18},"end":{"line":15,"column":74}},"3":{"start":{"line":16,"column":22},"end":{"line":16,"column":76}},"4":{"start":{"line":17,"column":2},"end":{"line":17,"column":null}},"5":{"start":{"line":18,"column":2},"end":{"line":18,"column":null}},"6":{"start":{"line":19,"column":2},"end":{"line":19,"column":null}},"7":{"start":{"line":20,"column":2},"end":{"line":20,"column":null}},"8":{"start":{"line":5,"column":0},"end":{"line":5,"column":22}},"9":{"start":{"line":24,"column":19},"end":{"line":24,"column":67}},"10":{"start":{"line":25,"column":2},"end":{"line":25,"column":null}},"11":{"start":{"line":23,"column":0},"end":{"line":23,"column":22}},"12":{"start":{"line":29,"column":2},"end":{"line":29,"column":null}},"13":{"start":{"line":28,"column":0},"end":{"line":28,"column":22}}},"fnMap":{"0":{"name":"addSubscription","decl":{"start":{"line":5,"column":22},"end":{"line":5,"column":37}},"loc":{"start":{"line":5,"column":81},"end":{"line":21,"column":null}}},"1":{"name":"getUserData","decl":{"start":{"line":23,"column":22},"end":{"line":23,"column":33}},"loc":{"start":{"line":23,"column":49},"end":{"line":26,"column":null}}},"2":{"name":"getSubscription","decl":{"start":{"line":28,"column":22},"end":{"line":28,"column":37}},"loc":{"start":{"line":28,"column":53},"end":{"line":30,"column":null}}}},"branchMap":{"0":{"loc":{"start":{"line":17,"column":53},"end":{"line":17,"column":64}},"type":"cond-expr","locations":[{"start":{"line":17,"column":60},"end":{"line":17,"column":62}},{"start":{"line":17,"column":53},"end":{"line":17,"column":64}}]},"1":{"loc":{"start":{"line":17,"column":53},"end":{"line":17,"column":62}},"type":"binary-expr","locations":[{"start":{"line":17,"column":53},"end":{"line":17,"column":62}},{"start":{"line":17,"column":53},"end":{"line":17,"column":62}}]},"2":{"loc":{"start":{"line":18,"column":57},"end":{"line":18,"column":72}},"type":"cond-expr","locations":[{"start":{"line":18,"column":68},"end":{"line":18,"column":70}},{"start":{"line":18,"column":57},"end":{"line":18,"column":72}}]},"3":{"loc":{"start":{"line":18,"column":57},"end":{"line":18,"column":70}},"type":"binary-expr","locations":[{"start":{"line":18,"column":57},"end":{"line":18,"column":70}},{"start":{"line":18,"column":57},"end":{"line":18,"column":70}}]}},"s":{"0":1,"1":0,"2":0,"3":0,"4":0,"5":0,"6":0,"7":0,"8":1,"9":0,"10":0,"11":1,"12":0,"13":1},"f":{"0":0,"1":0,"2":0},"b":{"0":[0,0],"1":[0,0],"2":[0,0],"3":[0,0]}}
}
