{"/home/leonardo/Desktop/driven/Arquitetura/projeto24-drivent/back-end/src/index.ts": {"path":"/home/leonardo/Desktop/driven/Arquitetura/projeto24-drivent/back-end/src/index.ts","statementMap":{"0":{"start":{"line":1,"column":0},"end":{"line":1,"column":39}},"1":{"start":{"line":2,"column":0},"end":{"line":2,"column":23}},"2":{"start":{"line":3,"column":0},"end":{"line":3,"column":27}},"3":{"start":{"line":4,"column":0},"end":{"line":4,"column":29}},"4":{"start":{"line":5,"column":0},"end":{"line":5,"column":53}},"5":{"start":{"line":6,"column":0},"end":{"line":6,"column":37}},"6":{"start":{"line":7,"column":0},"end":{"line":7,"column":null}},"7":{"start":{"line":9,"column":12},"end":{"line":9,"column":21}},"8":{"start":{"line":10,"column":0},"end":{"line":10,"column":null}},"9":{"start":{"line":11,"column":0},"end":{"line":11,"column":null}},"10":{"start":{"line":12,"column":0},"end":{"line":12,"column":null}},"11":{"start":{"line":13,"column":0},"end":{"line":13,"column":null}},"12":{"start":{"line":15,"column":0},"end":{"line":15,"column":null}}},"fnMap":{},"branchMap":{},"s":{"0":1,"1":1,"2":1,"3":1,"4":1,"5":1,"6":1,"7":1,"8":1,"9":1,"10":1,"11":1,"12":1},"f":{},"b":{}}
,"/home/leonardo/Desktop/driven/Arquitetura/projeto24-drivent/back-end/src/config/postgres.ts": {"path":"/home/leonardo/Desktop/driven/Arquitetura/projeto24-drivent/back-end/src/config/postgres.ts","statementMap":{"0":{"start":{"line":1,"column":0},"end":{"line":1,"column":32}},"1":{"start":{"line":2,"column":25},"end":{"line":2,"column":28}},"2":{"start":{"line":4,"column":15},"end":{"line":4,"column":33}},"3":{"start":{"line":6,"column":0},"end":{"line":6,"column":null}}},"fnMap":{},"branchMap":{},"s":{"0":1,"1":1,"2":1,"3":1},"f":{},"b":{}}
,"/home/leonardo/Desktop/driven/Arquitetura/projeto24-drivent/back-end/src/controllers/authController.ts": {"path":"/home/leonardo/Desktop/driven/Arquitetura/projeto24-drivent/back-end/src/controllers/authController.ts","statementMap":{"0":{"start":{"line":2,"column":0},"end":{"line":2,"column":54}},"1":{"start":{"line":5,"column":2},"end":{"line":5,"column":null}},"2":{"start":{"line":6,"column":2},"end":{"line":6,"column":null}},"3":{"start":{"line":4,"column":0},"end":{"line":4,"column":22}},"4":{"start":{"line":10,"column":16},"end":{"line":10,"column":53}},"5":{"start":{"line":11,"column":2},"end":{"line":11,"column":null}},"6":{"start":{"line":9,"column":0},"end":{"line":9,"column":22}}},"fnMap":{"0":{"name":"signupUser","decl":{"start":{"line":4,"column":22},"end":{"line":4,"column":32}},"loc":{"start":{"line":4,"column":61},"end":{"line":7,"column":null}}},"1":{"name":"signinUser","decl":{"start":{"line":9,"column":22},"end":{"line":9,"column":32}},"loc":{"start":{"line":9,"column":61},"end":{"line":12,"column":null}}}},"branchMap":{},"s":{"0":1,"1":5,"2":4,"3":1,"4":3,"5":1,"6":1},"f":{"0":5,"1":3},"b":{}}
,"/home/leonardo/Desktop/driven/Arquitetura/projeto24-drivent/back-end/src/errors/incorrect-email-error.ts": {"path":"/home/leonardo/Desktop/driven/Arquitetura/projeto24-drivent/back-end/src/errors/incorrect-email-error.ts","statementMap":{"0":{"start":{"line":3,"column":4},"end":{"line":3,"column":null}},"1":{"start":{"line":4,"column":4},"end":{"line":4,"column":null}},"2":{"start":{"line":1,"column":0},"end":{"line":1,"column":13}},"3":{"start":{"line":8,"column":13},"end":{"line":11,"column":null}}},"fnMap":{"0":{"name":"(anonymous_0)","decl":{"start":{"line":2,"column":2},"end":{"line":2,"column":null}},"loc":{"start":{"line":2,"column":2},"end":{"line":5,"column":3}}}},"branchMap":{},"s":{"0":0,"1":0,"2":1,"3":1},"f":{"0":0},"b":{}}
,"/home/leonardo/Desktop/driven/Arquitetura/projeto24-drivent/back-end/src/middlewares/errorHandler.ts": {"path":"/home/leonardo/Desktop/driven/Arquitetura/projeto24-drivent/back-end/src/middlewares/errorHandler.ts","statementMap":{"0":{"start":{"line":9,"column":27},"end":{"line":9,"column":30}},"1":{"start":{"line":10,"column":2},"end":{"line":13,"column":null}},"2":{"start":{"line":10,"column":33},"end":{"line":10,"column":null}},"3":{"start":{"line":11,"column":7},"end":{"line":13,"column":null}},"4":{"start":{"line":11,"column":42},"end":{"line":11,"column":null}},"5":{"start":{"line":12,"column":7},"end":{"line":13,"column":null}},"6":{"start":{"line":12,"column":39},"end":{"line":12,"column":null}},"7":{"start":{"line":13,"column":7},"end":{"line":13,"column":null}},"8":{"start":{"line":13,"column":41},"end":{"line":13,"column":null}},"9":{"start":{"line":15,"column":2},"end":{"line":15,"column":null}},"10":{"start":{"line":3,"column":0},"end":{"line":3,"column":24}}},"fnMap":{"0":{"name":"errorHandler","decl":{"start":{"line":3,"column":24},"end":{"line":3,"column":36}},"loc":{"start":{"line":7,"column":20},"end":{"line":16,"column":1}}}},"branchMap":{"0":{"loc":{"start":{"line":10,"column":2},"end":{"line":13,"column":null}},"type":"if","locations":[{"start":{"line":10,"column":2},"end":{"line":13,"column":null}},{"start":{"line":11,"column":7},"end":{"line":13,"column":null}}]},"1":{"loc":{"start":{"line":11,"column":7},"end":{"line":13,"column":null}},"type":"if","locations":[{"start":{"line":11,"column":7},"end":{"line":13,"column":null}},{"start":{"line":12,"column":7},"end":{"line":13,"column":null}}]},"2":{"loc":{"start":{"line":12,"column":7},"end":{"line":13,"column":null}},"type":"if","locations":[{"start":{"line":12,"column":7},"end":{"line":13,"column":null}},{"start":{"line":13,"column":7},"end":{"line":13,"column":null}}]},"3":{"loc":{"start":{"line":13,"column":7},"end":{"line":13,"column":null}},"type":"if","locations":[{"start":{"line":13,"column":7},"end":{"line":13,"column":null}}]}},"s":{"0":3,"1":3,"2":0,"3":3,"4":2,"5":1,"6":0,"7":1,"8":1,"9":3,"10":1},"f":{"0":3},"b":{"0":[0,3],"1":[2,1],"2":[0,1],"3":[1]}}
,"/home/leonardo/Desktop/driven/Arquitetura/projeto24-drivent/back-end/src/middlewares/validateSchema.ts": {"path":"/home/leonardo/Desktop/driven/Arquitetura/projeto24-drivent/back-end/src/middlewares/validateSchema.ts","statementMap":{"0":{"start":{"line":4,"column":23},"end":{"line":19,"column":1}},"1":{"start":{"line":5,"column":2},"end":{"line":18,"column":null}},"2":{"start":{"line":6,"column":17},"end":{"line":6,"column":25}},"3":{"start":{"line":7,"column":23},"end":{"line":7,"column":67}},"4":{"start":{"line":8,"column":4},"end":{"line":16,"column":6}},"5":{"start":{"line":9,"column":22},"end":{"line":9,"column":46}},"6":{"start":{"line":10,"column":21},"end":{"line":14,"column":8}},"7":{"start":{"line":11,"column":30},"end":{"line":11,"column":47}},"8":{"start":{"line":12,"column":24},"end":{"line":12,"column":70}},"9":{"start":{"line":13,"column":8},"end":{"line":13,"column":null}},"10":{"start":{"line":15,"column":6},"end":{"line":15,"column":null}},"11":{"start":{"line":17,"column":4},"end":{"line":17,"column":null}},"12":{"start":{"line":21,"column":0},"end":{"line":21,"column":null}}},"fnMap":{"0":{"name":"(anonymous_0)","decl":{"start":{"line":4,"column":23},"end":{"line":4,"column":24}},"loc":{"start":{"line":4,"column":42},"end":{"line":19,"column":1}}},"1":{"name":"(anonymous_1)","decl":{"start":{"line":5,"column":9},"end":{"line":5,"column":10}},"loc":{"start":{"line":5,"column":61},"end":{"line":18,"column":3}}},"2":{"name":"(anonymous_2)","decl":{"start":{"line":10,"column":33},"end":{"line":10,"column":40}},"loc":{"start":{"line":10,"column":43},"end":{"line":14,"column":7}}}},"branchMap":{"0":{"loc":{"start":{"line":8,"column":4},"end":{"line":16,"column":6}},"type":"if","locations":[{"start":{"line":8,"column":4},"end":{"line":16,"column":6}}]}},"s":{"0":1,"1":1,"2":10,"3":10,"4":10,"5":5,"6":5,"7":5,"8":5,"9":5,"10":5,"11":5,"12":1},"f":{"0":1,"1":10,"2":5},"b":{"0":[5]}}
,"/home/leonardo/Desktop/driven/Arquitetura/projeto24-drivent/back-end/src/repositories/authRepository.ts": {"path":"/home/leonardo/Desktop/driven/Arquitetura/projeto24-drivent/back-end/src/repositories/authRepository.ts","statementMap":{"0":{"start":{"line":1,"column":0},"end":{"line":1,"column":39}},"1":{"start":{"line":6,"column":2},"end":{"line":6,"column":null}},"2":{"start":{"line":5,"column":0},"end":{"line":5,"column":22}},"3":{"start":{"line":10,"column":28},"end":{"line":10,"column":78}},"4":{"start":{"line":11,"column":2},"end":{"line":11,"column":null}},"5":{"start":{"line":9,"column":0},"end":{"line":9,"column":22}},"6":{"start":{"line":14,"column":0},"end":{"line":14,"column":22}}},"fnMap":{"0":{"name":"insert","decl":{"start":{"line":5,"column":22},"end":{"line":5,"column":28}},"loc":{"start":{"line":5,"column":48},"end":{"line":7,"column":null}}},"1":{"name":"findByEmail","decl":{"start":{"line":9,"column":22},"end":{"line":9,"column":33}},"loc":{"start":{"line":9,"column":48},"end":{"line":12,"column":null}}},"2":{"name":"findById","decl":{"start":{"line":14,"column":22},"end":{"line":14,"column":30}},"loc":{"start":{"line":14,"column":42},"end":{"line":17,"column":null}}}},"branchMap":{},"s":{"0":1,"1":4,"2":1,"3":8,"4":8,"5":1,"6":1},"f":{"0":4,"1":8,"2":0},"b":{}}
,"/home/leonardo/Desktop/driven/Arquitetura/projeto24-drivent/back-end/src/routers/authRouter.ts": {"path":"/home/leonardo/Desktop/driven/Arquitetura/projeto24-drivent/back-end/src/routers/authRouter.ts","statementMap":{"0":{"start":{"line":1,"column":0},"end":{"line":1,"column":32}},"1":{"start":{"line":2,"column":0},"end":{"line":2,"column":63}},"2":{"start":{"line":3,"column":0},"end":{"line":3,"column":58}},"3":{"start":{"line":4,"column":0},"end":{"line":4,"column":46}},"4":{"start":{"line":6,"column":19},"end":{"line":6,"column":27}},"5":{"start":{"line":8,"column":0},"end":{"line":8,"column":null}},"6":{"start":{"line":9,"column":0},"end":{"line":9,"column":null}},"7":{"start":{"line":11,"column":0},"end":{"line":11,"column":null}}},"fnMap":{},"branchMap":{},"s":{"0":1,"1":1,"2":1,"3":1,"4":1,"5":1,"6":1,"7":1},"f":{},"b":{}}
,"/home/leonardo/Desktop/driven/Arquitetura/projeto24-drivent/back-end/src/routers/routes.ts": {"path":"/home/leonardo/Desktop/driven/Arquitetura/projeto24-drivent/back-end/src/routers/routes.ts","statementMap":{"0":{"start":{"line":1,"column":0},"end":{"line":1,"column":32}},"1":{"start":{"line":2,"column":0},"end":{"line":2,"column":37}},"2":{"start":{"line":4,"column":15},"end":{"line":4,"column":23}},"3":{"start":{"line":6,"column":0},"end":{"line":6,"column":null}},"4":{"start":{"line":8,"column":0},"end":{"line":8,"column":null}}},"fnMap":{},"branchMap":{},"s":{"0":1,"1":1,"2":1,"3":1,"4":1},"f":{},"b":{}}
,"/home/leonardo/Desktop/driven/Arquitetura/projeto24-drivent/back-end/src/schemas/authSchema.ts": {"path":"/home/leonardo/Desktop/driven/Arquitetura/projeto24-drivent/back-end/src/schemas/authSchema.ts","statementMap":{"0":{"start":{"line":1,"column":0},"end":{"line":1,"column":21}},"1":{"start":{"line":3,"column":19},"end":{"line":7,"column":2}},"2":{"start":{"line":9,"column":0},"end":{"line":9,"column":null}}},"fnMap":{},"branchMap":{},"s":{"0":1,"1":1,"2":1},"f":{},"b":{}}
,"/home/leonardo/Desktop/driven/Arquitetura/projeto24-drivent/back-end/src/services/authService.ts": {"path":"/home/leonardo/Desktop/driven/Arquitetura/projeto24-drivent/back-end/src/services/authService.ts","statementMap":{"0":{"start":{"line":2,"column":0},"end":{"line":2,"column":64}},"1":{"start":{"line":3,"column":0},"end":{"line":3,"column":27}},"2":{"start":{"line":4,"column":0},"end":{"line":4,"column":30}},"3":{"start":{"line":5,"column":0},"end":{"line":5,"column":27}},"4":{"start":{"line":7,"column":0},"end":{"line":7,"column":69}},"5":{"start":{"line":8,"column":0},"end":{"line":8,"column":null}},"6":{"start":{"line":11,"column":28},"end":{"line":11,"column":66}},"7":{"start":{"line":12,"column":28},"end":{"line":12,"column":76}},"8":{"start":{"line":13,"column":2},"end":{"line":13,"column":null}},"9":{"start":{"line":13,"column":54},"end":{"line":13,"column":null}},"10":{"start":{"line":14,"column":2},"end":{"line":14,"column":null}},"11":{"start":{"line":14,"column":12},"end":{"line":14,"column":null}},"12":{"start":{"line":15,"column":2},"end":{"line":18,"column":null}},"13":{"start":{"line":10,"column":0},"end":{"line":10,"column":22}},"14":{"start":{"line":22,"column":28},"end":{"line":22,"column":76}},"15":{"start":{"line":23,"column":2},"end":{"line":23,"column":null}},"16":{"start":{"line":23,"column":13},"end":{"line":23,"column":null}},"17":{"start":{"line":24,"column":27},"end":{"line":24,"column":79}},"18":{"start":{"line":25,"column":2},"end":{"line":25,"column":null}},"19":{"start":{"line":25,"column":25},"end":{"line":25,"column":null}},"20":{"start":{"line":26,"column":28},"end":{"line":26,"column":62}},"21":{"start":{"line":27,"column":16},"end":{"line":27,"column":55}},"22":{"start":{"line":28,"column":2},"end":{"line":28,"column":null}},"23":{"start":{"line":21,"column":0},"end":{"line":21,"column":22}}},"fnMap":{"0":{"name":"createUser","decl":{"start":{"line":10,"column":22},"end":{"line":10,"column":32}},"loc":{"start":{"line":10,"column":52},"end":{"line":19,"column":null}}},"1":{"name":"loginUser","decl":{"start":{"line":21,"column":22},"end":{"line":21,"column":31}},"loc":{"start":{"line":21,"column":51},"end":{"line":29,"column":null}}}},"branchMap":{"0":{"loc":{"start":{"line":13,"column":2},"end":{"line":13,"column":null}},"type":"if","locations":[{"start":{"line":13,"column":2},"end":{"line":13,"column":null}}]},"1":{"loc":{"start":{"line":14,"column":2},"end":{"line":14,"column":null}},"type":"if","locations":[{"start":{"line":14,"column":2},"end":{"line":14,"column":null}}]},"2":{"loc":{"start":{"line":23,"column":2},"end":{"line":23,"column":null}},"type":"if","locations":[{"start":{"line":23,"column":2},"end":{"line":23,"column":null}}]},"3":{"loc":{"start":{"line":25,"column":2},"end":{"line":25,"column":null}},"type":"if","locations":[{"start":{"line":25,"column":2},"end":{"line":25,"column":null}}]},"4":{"loc":{"start":{"line":26,"column":28},"end":{"line":26,"column":62}},"type":"cond-expr","locations":[{"start":{"line":26,"column":50},"end":{"line":26,"column":54}},{"start":{"line":26,"column":54},"end":{"line":26,"column":62}}]},"5":{"loc":{"start":{"line":26,"column":28},"end":{"line":26,"column":54}},"type":"binary-expr","locations":[{"start":{"line":26,"column":28},"end":{"line":26,"column":54}},{"start":{"line":26,"column":50},"end":{"line":26,"column":54}}]}},"s":{"0":1,"1":1,"2":1,"3":1,"4":1,"5":1,"6":5,"7":5,"8":5,"9":1,"10":4,"11":0,"12":4,"13":1,"14":3,"15":3,"16":1,"17":2,"18":2,"19":1,"20":1,"21":1,"22":1,"23":1},"f":{"0":5,"1":3},"b":{"0":[1],"1":[0],"2":[1],"3":[1],"4":[0,1],"5":[1,1]}}
}
