TN:
SF:src/index.ts
FNF:0
FNH:0
DA:1,1
DA:2,1
DA:3,1
DA:4,1
DA:5,1
DA:6,1
DA:7,1
DA:9,1
DA:10,1
DA:11,1
DA:12,1
DA:13,1
DA:15,1
LF:13
LH:13
BRF:0
BRH:0
end_of_record
TN:
SF:src/config/postgres.ts
FNF:0
FNH:0
DA:1,1
DA:2,1
DA:4,1
DA:6,1
LF:4
LH:4
BRF:0
BRH:0
end_of_record
TN:
SF:src/controllers/authController.ts
FN:4,signupUser
FN:9,signinUser
FNF:2
FNH:2
FNDA:5,signupUser
FNDA:3,signinUser
DA:2,1
DA:4,1
DA:5,5
DA:6,4
DA:9,1
DA:10,3
DA:11,1
LF:7
LH:7
BRF:0
BRH:0
end_of_record
TN:
SF:src/controllers/payment-controller.ts
FN:4,getModalities
FN:9,getHostings
FN:14,createPayment
FNF:3
FNH:0
FNDA:0,getModalities
FNDA:0,getHostings
FNDA:0,createPayment
DA:2,1
DA:4,1
DA:5,0
DA:6,0
DA:9,1
DA:10,0
DA:11,0
DA:14,1
DA:15,0
DA:16,0
DA:17,0
DA:18,0
LF:12
LH:4
BRF:0
BRH:0
end_of_record
TN:
SF:src/controllers/subscription-controller.ts
FN:4,subscriptEvent
FN:11,getData
FN:17,getSubscription
FNF:3
FNH:0
FNDA:0,subscriptEvent
FNDA:0,getData
FNDA:0,getSubscription
DA:2,1
DA:4,1
DA:5,0
DA:6,0
DA:7,0
DA:8,0
DA:11,1
DA:12,0
DA:13,0
DA:14,0
DA:17,1
DA:18,0
DA:19,0
DA:20,0
LF:14
LH:4
BRF:0
BRH:0
end_of_record
TN:
SF:src/errors/incorrect-email-error.ts
FN:2,(anonymous_0)
FNF:1
FNH:0
FNDA:0,(anonymous_0)
DA:1,1
DA:3,0
DA:4,0
DA:8,1
LF:4
LH:2
BRF:0
BRH:0
end_of_record
TN:
SF:src/middlewares/errorHandler.ts
FN:3,errorHandler
FNF:1
FNH:1
FNDA:3,errorHandler
DA:3,1
DA:9,3
DA:10,3
DA:11,3
DA:12,1
DA:13,1
DA:15,3
LF:7
LH:7
BRDA:10,0,0,0
BRDA:10,0,1,3
BRDA:11,1,0,2
BRDA:11,1,1,1
BRDA:12,2,0,0
BRDA:12,2,1,1
BRDA:13,3,0,1
BRF:7
BRH:5
end_of_record
TN:
SF:src/middlewares/validateSchema.ts
FN:4,(anonymous_0)
FN:5,(anonymous_1)
FN:10,(anonymous_2)
FNF:3
FNH:3
FNDA:3,(anonymous_0)
FNDA:10,(anonymous_1)
FNDA:5,(anonymous_2)
DA:4,1
DA:5,3
DA:6,10
DA:7,10
DA:8,10
DA:9,5
DA:10,5
DA:11,5
DA:12,5
DA:13,5
DA:15,5
DA:17,5
DA:21,1
LF:13
LH:13
BRDA:8,0,0,5
BRF:1
BRH:1
end_of_record
TN:
SF:src/middlewares/validateToken.ts
FN:7,(anonymous_14)
FN:13,(anonymous_15)
FN:13,(anonymous_16)
FNF:3
FNH:0
FNDA:0,(anonymous_14)
FNDA:0,(anonymous_15)
FNDA:0,(anonymous_16)
DA:1,1
DA:2,1
DA:4,1
DA:5,1
DA:7,1
DA:8,0
DA:9,0
DA:10,0
DA:12,0
DA:13,0
DA:14,0
DA:15,0
DA:16,0
DA:17,0
DA:18,0
DA:19,0
DA:23,1
LF:17
LH:6
BRDA:9,0,0,0
BRDA:9,0,1,0
BRDA:9,1,0,0
BRDA:9,1,1,0
BRDA:9,2,0,0
BRDA:9,2,1,0
BRDA:9,3,0,0
BRDA:9,3,1,0
BRDA:10,4,0,0
BRDA:10,4,1,0
BRDA:10,5,0,0
BRDA:10,5,1,0
BRDA:12,6,0,0
BRDA:14,7,0,0
BRDA:17,8,0,0
BRF:15
BRH:0
end_of_record
TN:
SF:src/repositories/auth-repository.ts
FN:5,insert
FN:9,findByEmail
FN:14,findById
FNF:3
FNH:2
FNDA:4,insert
FNDA:8,findByEmail
FNDA:0,findById
DA:1,1
DA:5,1
DA:6,4
DA:9,1
DA:10,8
DA:11,8
DA:14,1
DA:15,0
DA:16,0
LF:9
LH:7
BRF:0
BRH:0
end_of_record
TN:
SF:src/repositories/payment-repository.ts
FN:6,getModalities
FN:10,getModalityById
FN:14,getHostings
FN:18,getHostingById
FN:22,findCreditCardByNumber
FN:26,createCreditCard
FN:30,insertPayment
FNF:7
FNH:0
FNDA:0,getModalities
FNDA:0,getModalityById
FNDA:0,getHostings
FNDA:0,getHostingById
FNDA:0,findCreditCardByNumber
FNDA:0,createCreditCard
FNDA:0,insertPayment
DA:1,1
DA:6,1
DA:7,0
DA:10,1
DA:11,0
DA:14,1
DA:15,0
DA:18,1
DA:19,0
DA:22,1
DA:23,0
DA:26,1
DA:27,0
DA:30,1
DA:31,0
LF:15
LH:8
BRF:0
BRH:0
end_of_record
TN:
SF:src/repositories/subscription-repository.ts
FN:5,findAddressByUserId
FN:12,findPhoneByUserId
FN:19,updateAddress
FN:35,updatePhoneNumber
FN:51,updateUserData
FN:66,createSubscription
FN:70,updateSubscription
FN:80,getSubscriptionByUserId
FN:84,getUserData
FN:97,getSubscription
FNF:10
FNH:0
FNDA:0,findAddressByUserId
FNDA:0,findPhoneByUserId
FNDA:0,updateAddress
FNDA:0,updatePhoneNumber
FNDA:0,updateUserData
FNDA:0,createSubscription
FNDA:0,updateSubscription
FNDA:0,getSubscriptionByUserId
FNDA:0,getUserData
FNDA:0,getSubscription
DA:1,1
DA:5,1
DA:6,0
DA:9,0
DA:12,1
DA:13,0
DA:16,0
DA:19,1
DA:20,0
DA:24,0
DA:25,0
DA:32,0
DA:35,1
DA:36,0
DA:40,0
DA:41,0
DA:48,0
DA:51,1
DA:52,0
DA:57,0
DA:63,0
DA:66,1
DA:67,0
DA:70,1
DA:71,0
DA:72,0
DA:80,1
DA:81,0
DA:84,1
DA:85,0
DA:94,0
DA:97,1
DA:98,0
LF:33
LH:11
BRDA:24,0,0,0
BRDA:24,0,1,0
BRDA:24,1,0,0
BRDA:24,1,1,0
BRDA:40,2,0,0
BRDA:40,2,1,0
BRDA:40,3,0,0
BRDA:40,3,1,0
BRF:8
BRH:0
end_of_record
TN:
SF:src/routers/authRouter.ts
FNF:0
FNH:0
DA:1,1
DA:2,1
DA:3,1
DA:4,1
DA:6,1
DA:8,1
DA:9,1
DA:11,1
LF:8
LH:8
BRF:0
BRH:0
end_of_record
TN:
SF:src/routers/payment-router.ts
FNF:0
FNH:0
DA:1,1
DA:2,1
DA:3,1
DA:4,1
DA:5,1
DA:7,1
DA:9,1
DA:10,1
DA:11,1
DA:13,1
LF:10
LH:10
BRF:0
BRH:0
end_of_record
TN:
SF:src/routers/routes.ts
FNF:0
FNH:0
DA:1,1
DA:2,1
DA:3,1
DA:4,1
DA:6,1
DA:8,1
DA:9,1
DA:10,1
DA:12,1
LF:9
LH:9
BRF:0
BRH:0
end_of_record
TN:
SF:src/routers/subscription-router.ts
FNF:0
FNH:0
DA:1,1
DA:2,1
DA:3,1
DA:4,1
DA:5,1
DA:7,1
DA:9,1
DA:10,1
DA:11,1
DA:13,1
LF:10
LH:10
BRF:0
BRH:0
end_of_record
TN:
SF:src/schemas/authSchema.ts
FNF:0
FNH:0
DA:1,1
DA:3,1
DA:9,1
LF:3
LH:3
BRF:0
BRH:0
end_of_record
TN:
SF:src/schemas/payment-schema.ts
FNF:0
FNH:0
DA:1,1
DA:3,1
DA:13,1
LF:3
LH:3
BRF:0
BRH:0
end_of_record
TN:
SF:src/schemas/user-data-schema.ts
FNF:0
FNH:0
DA:1,1
DA:3,1
DA:17,1
LF:3
LH:3
BRF:0
BRH:0
end_of_record
TN:
SF:src/services/authService.ts
FN:10,createUser
FN:21,loginUser
FNF:2
FNH:2
FNDA:5,createUser
FNDA:3,loginUser
DA:2,1
DA:3,1
DA:4,1
DA:5,1
DA:7,1
DA:8,1
DA:10,1
DA:11,5
DA:12,5
DA:13,5
DA:14,4
DA:15,4
DA:21,1
DA:22,3
DA:23,3
DA:24,2
DA:25,2
DA:26,1
DA:27,1
DA:28,1
LF:20
LH:20
BRDA:13,0,0,1
BRDA:14,1,0,0
BRDA:23,2,0,1
BRDA:25,3,0,1
BRDA:26,4,0,1
BRDA:26,4,1,0
BRDA:26,5,0,1
BRDA:26,5,1,1
BRF:8
BRH:6
end_of_record
TN:
SF:src/services/payment-service.ts
FN:5,getModalities
FN:9,getHostings
FN:13,createPayment
FN:46,checkModalityInformarions
FN:52,checkSubscriptionStatus
FN:58,checkPaymentPrice
FNF:6
FNH:0
FNDA:0,getModalities
FNDA:0,getHostings
FNDA:0,createPayment
FNDA:0,checkModalityInformarions
FNDA:0,checkSubscriptionStatus
FNDA:0,checkPaymentPrice
DA:1,1
DA:3,1
DA:5,1
DA:6,0
DA:9,1
DA:10,0
DA:13,1
DA:14,0
DA:15,0
DA:22,0
DA:23,0
DA:24,0
DA:30,0
DA:31,0
DA:32,0
DA:33,0
DA:47,0
DA:48,0
DA:49,0
DA:53,0
DA:54,0
DA:55,0
DA:59,0
DA:60,0
DA:61,0
DA:62,0
DA:63,0
DA:64,0
DA:66,0
LF:29
LH:5
BRDA:23,0,0,0
BRDA:27,1,0,0
BRDA:27,1,1,0
BRDA:27,2,0,0
BRDA:27,2,1,0
BRDA:48,3,0,0
BRDA:48,3,1,0
BRDA:48,4,0,0
BRDA:48,4,1,0
BRDA:48,5,0,0
BRDA:48,5,1,0
BRDA:48,6,0,0
BRDA:48,6,1,0
BRDA:49,7,0,0
BRDA:49,8,0,0
BRDA:49,8,1,0
BRDA:49,9,0,0
BRDA:49,9,1,0
BRDA:49,10,0,0
BRDA:49,10,1,0
BRDA:55,11,0,0
BRDA:55,12,0,0
BRDA:55,12,1,0
BRDA:55,13,0,0
BRDA:55,13,1,0
BRDA:61,14,0,0
BRDA:61,14,1,0
BRDA:61,15,0,0
BRDA:61,15,1,0
BRDA:61,16,0,0
BRDA:61,16,1,0
BRDA:61,17,0,0
BRDA:61,17,1,0
BRDA:62,18,0,0
BRDA:64,19,0,0
BRDA:64,19,1,0
BRDA:64,20,0,0
BRDA:64,20,1,0
BRDA:64,21,0,0
BRDA:64,21,1,0
BRDA:64,22,0,0
BRDA:64,22,1,0
BRDA:66,23,0,0
BRF:43
BRH:0
end_of_record
TN:
SF:src/services/subscription-service.ts
FN:5,addSubscription
FN:23,getUserData
FN:28,getSubscription
FNF:3
FNH:0
FNDA:0,addSubscription
FNDA:0,getUserData
FNDA:0,getSubscription
DA:2,1
DA:5,1
DA:6,0
DA:15,0
DA:16,0
DA:17,0
DA:18,0
DA:19,0
DA:20,0
DA:23,1
DA:24,0
DA:25,0
DA:28,1
DA:29,0
LF:14
LH:4
BRDA:17,0,0,0
BRDA:17,0,1,0
BRDA:17,1,0,0
BRDA:17,1,1,0
BRDA:18,2,0,0
BRDA:18,2,1,0
BRDA:18,3,0,0
BRDA:18,3,1,0
BRF:8
BRH:0
end_of_record
