TN:
SF:src/index.ts
FNF:0
FNH:0
DA:1,1
DA:2,1
DA:3,1
DA:4,1
DA:5,1
DA:6,1
DA:7,1
DA:9,1
DA:10,1
DA:11,1
DA:12,1
DA:13,1
DA:15,1
LF:13
LH:13
BRF:0
BRH:0
end_of_record
TN:
SF:src/config/postgres.ts
FNF:0
FNH:0
DA:1,1
DA:2,1
DA:4,1
DA:6,1
LF:4
LH:4
BRF:0
BRH:0
end_of_record
TN:
SF:src/controllers/authController.ts
FN:4,signupUser
FN:9,signinUser
FNF:2
FNH:2
FNDA:5,signupUser
FNDA:3,signinUser
DA:2,1
DA:4,1
DA:5,5
DA:6,4
DA:9,1
DA:10,3
DA:11,1
LF:7
LH:7
BRF:0
BRH:0
end_of_record
TN:
SF:src/errors/incorrect-email-error.ts
FN:2,(anonymous_0)
FNF:1
FNH:0
FNDA:0,(anonymous_0)
DA:1,1
DA:3,0
DA:4,0
DA:8,1
LF:4
LH:2
BRF:0
BRH:0
end_of_record
TN:
SF:src/middlewares/errorHandler.ts
FN:3,errorHandler
FNF:1
FNH:1
FNDA:3,errorHandler
DA:3,1
DA:9,3
DA:10,3
DA:11,3
DA:12,1
DA:13,1
DA:15,3
LF:7
LH:7
BRDA:10,0,0,0
BRDA:10,0,1,3
BRDA:11,1,0,2
BRDA:11,1,1,1
BRDA:12,2,0,0
BRDA:12,2,1,1
BRDA:13,3,0,1
BRF:7
BRH:5
end_of_record
TN:
SF:src/middlewares/validateSchema.ts
FN:4,(anonymous_0)
FN:5,(anonymous_1)
FN:10,(anonymous_2)
FNF:3
FNH:3
FNDA:1,(anonymous_0)
FNDA:10,(anonymous_1)
FNDA:5,(anonymous_2)
DA:4,1
DA:5,1
DA:6,10
DA:7,10
DA:8,10
DA:9,5
DA:10,5
DA:11,5
DA:12,5
DA:13,5
DA:15,5
DA:17,5
DA:21,1
LF:13
LH:13
BRDA:8,0,0,5
BRF:1
BRH:1
end_of_record
TN:
SF:src/repositories/authRepository.ts
FN:5,insert
FN:9,findByEmail
FN:14,findById
FNF:3
FNH:2
FNDA:4,insert
FNDA:8,findByEmail
FNDA:0,findById
DA:1,1
DA:5,1
DA:6,4
DA:9,1
DA:10,8
DA:11,8
DA:14,1
LF:7
LH:7
BRF:0
BRH:0
end_of_record
TN:
SF:src/routers/authRouter.ts
FNF:0
FNH:0
DA:1,1
DA:2,1
DA:3,1
DA:4,1
DA:6,1
DA:8,1
DA:9,1
DA:11,1
LF:8
LH:8
BRF:0
BRH:0
end_of_record
TN:
SF:src/routers/routes.ts
FNF:0
FNH:0
DA:1,1
DA:2,1
DA:4,1
DA:6,1
DA:8,1
LF:5
LH:5
BRF:0
BRH:0
end_of_record
TN:
SF:src/schemas/authSchema.ts
FNF:0
FNH:0
DA:1,1
DA:3,1
DA:9,1
LF:3
LH:3
BRF:0
BRH:0
end_of_record
TN:
SF:src/services/authService.ts
FN:10,createUser
FN:21,loginUser
FNF:2
FNH:2
FNDA:5,createUser
FNDA:3,loginUser
DA:2,1
DA:3,1
DA:4,1
DA:5,1
DA:7,1
DA:8,1
DA:10,1
DA:11,5
DA:12,5
DA:13,5
DA:14,4
DA:15,4
DA:21,1
DA:22,3
DA:23,3
DA:24,2
DA:25,2
DA:26,1
DA:27,1
DA:28,1
LF:20
LH:20
BRDA:13,0,0,1
BRDA:14,1,0,0
BRDA:23,2,0,1
BRDA:25,3,0,1
BRDA:26,4,0,0
BRDA:26,4,1,1
BRDA:26,5,0,1
BRDA:26,5,1,1
BRF:8
BRH:6
end_of_record
